<?xml version="1.0" encoding="UTF-8"?>
<testsuite xmlns:xsi="http://www.w3.org/2001/XMLSchema-instance" xsi:noNamespaceSchemaLocation="https://maven.apache.org/surefire/maven-surefire-plugin/xsd/surefire-test-report.xsd" name="Financeiro.Cobranca.Cobranca" time="100.049" tests="5" errors="3" skipped="0" failures="0">
  <properties>
    <property name="java.vendor" value="Oracle Corporation"/>
    <property name="JOB_NAME" value="FINANCEIRO"/>
    <property name="RUN_TESTS_DISPLAY_URL" value="http://localhost:8080/automacao/job/FINANCEIRO/61/display/redirect?page=tests"/>
    <property name="sun.java.launcher" value="SUN_STANDARD"/>
    <property name="NUMBER_OF_PROCESSORS" value="4"/>
    <property name="sun.management.compiler" value="HotSpot 64-Bit Tiered Compilers"/>
    <property name="JENKINS_HOME" value="C:\ProgramData\Jenkins\.jenkins"/>
    <property name="HUDSON_SERVER_COOKIE" value="3d9b9914299fe66a"/>
    <property name="POM_ARTIFACTID" value="CursoSelenium"/>
    <property name="os.name" value="Windows 10"/>
    <property name="sun.boot.class.path" value="C:\Program Files\Java\jdk1.8.0_321\jre\lib\resources.jar;C:\Program Files\Java\jdk1.8.0_321\jre\lib\rt.jar;C:\Program Files\Java\jdk1.8.0_321\jre\lib\sunrsasign.jar;C:\Program Files\Java\jdk1.8.0_321\jre\lib\jsse.jar;C:\Program Files\Java\jdk1.8.0_321\jre\lib\jce.jar;C:\Program Files\Java\jdk1.8.0_321\jre\lib\charsets.jar;C:\Program Files\Java\jdk1.8.0_321\jre\lib\jfr.jar;C:\Program Files\Java\jdk1.8.0_321\jre\classes"/>
    <property name="EXECUTOR_NUMBER" value="0"/>
    <property name="sun.desktop" value="windows"/>
    <property name="PATHEXT" value=".COM;.EXE;.BAT;.CMD;.VBS;.VBE;.JS;.JSE;.WSF;.WSH;.MSC"/>
    <property name="java.vm.specification.vendor" value="Oracle Corporation"/>
    <property name="POM_DISPLAYNAME" value="CursoSelenium"/>
    <property name="NODE_LABELS" value="built-in"/>
    <property name="TEMP" value="C:\Windows\TEMP"/>
    <property name="java.runtime.version" value="1.8.0_321-b07"/>
    <property name="WINSW_SERVICE_ID" value="jenkins"/>
    <property name="user.name" value="DESKTOP-Q4CVPEU$"/>
    <property name="guice.disable.misplaced.annotation.check" value="true"/>
    <property name="CommonProgramW6432" value="C:\Program Files\Common Files"/>
    <property name="ProgramFiles" value="C:\Program Files"/>
    <property name="TESSDATA_PREFIX" value="C:\Users\David\eclipse-workspace\ProjetoBRConselhos\tessdata"/>
    <property name="user.language" value="pt"/>
    <property name="JOB_BASE_NAME" value="FINANCEIRO"/>
    <property name="RUN_CHANGES_DISPLAY_URL" value="http://localhost:8080/automacao/job/FINANCEIRO/61/display/redirect?page=changes"/>
    <property name="BUILD_DISPLAY_NAME" value="#61"/>
    <property name="sun.boot.library.path" value="C:\Program Files\Java\jdk1.8.0_321\jre\bin"/>
    <property name="LOCALAPPDATA" value="C:\Windows\system32\config\systemprofile\AppData\Local"/>
    <property name="java.version" value="1.8.0_321"/>
    <property name="PROCESSOR_LEVEL" value="6"/>
    <property name="user.timezone" value="America/Sao_Paulo"/>
    <property name="USERNAME" value="DESKTOP-Q4CVPEU$"/>
    <property name="sun.arch.data.model" value="64"/>
    <property name="NODE_NAME" value="built-in"/>
    <property name="java.endorsed.dirs" value="C:\Program Files\Java\jdk1.8.0_321\jre\lib\endorsed"/>
    <property name="BUILD_ID" value="61"/>
    <property name="sun.cpu.isalist" value="amd64"/>
    <property name="sun.jnu.encoding" value="Cp1252"/>
    <property name="file.encoding.pkg" value="sun.io"/>
    <property name="file.separator" value="\"/>
    <property name="java.specification.name" value="Java Platform API Specification"/>
    <property name="maven.conf" value="C:\Program Files\Maven\apache-maven-3.8.5\conf"/>
    <property name="java.class.version" value="52.0"/>
    <property name="org.slf4j.simpleLogger.defaultLogLevel" value="info"/>
    <property name="user.country" value="BR"/>
    <property name="ALLUSERSPROFILE" value="C:\ProgramData"/>
    <property name="java.home" value="C:\Program Files\Java\jdk1.8.0_321\jre"/>
    <property name="java.vm.info" value="mixed mode"/>
    <property name="os.version" value="10.0"/>
    <property name="RUN_DISPLAY_URL" value="http://localhost:8080/automacao/job/FINANCEIRO/61/display/redirect"/>
    <property name="POM_VERSION" value="0.0.1-SNAPSHOT"/>
    <property name="TMP" value="C:\Windows\TEMP"/>
    <property name="RUN_ARTIFACTS_DISPLAY_URL" value="http://localhost:8080/automacao/job/FINANCEIRO/61/display/redirect?page=artifacts"/>
    <property name="path.separator" value=";"/>
    <property name="java.vm.version" value="25.321-b07"/>
    <property name="user.variant" value=""/>
    <property name="JOB_DISPLAY_URL" value="http://localhost:8080/automacao/job/FINANCEIRO/display/redirect"/>
    <property name="CommonProgramFiles(x86)" value="C:\Program Files (x86)\Common Files"/>
    <property name="java.awt.printerjob" value="sun.awt.windows.WPrinterJob"/>
    <property name="JAVA_HOME" value="C:\Program Files\Java\jdk1.8.0_321"/>
    <property name="sun.io.unicode.encoding" value="UnicodeLittle"/>
    <property name="CommonProgramFiles" value="C:\Program Files\Common Files"/>
    <property name="ComSpec" value="C:\Windows\system32\cmd.exe"/>
    <property name="awt.toolkit" value="sun.awt.windows.WToolkit"/>
    <property name="POM_PACKAGING" value="jar"/>
    <property name="SERVICE_ID" value="jenkins"/>
    <property name="COMPUTERNAME" value="DESKTOP-Q4CVPEU"/>
    <property name="user.script" value=""/>
    <property name="$M2_HOME" value="C:\Users\David\.m2"/>
    <property name="POM_GROUPID" value="DFS"/>
    <property name="VBOX_MSI_INSTALL_PATH" value="C:\Program Files\Oracle\VirtualBox\"/>
    <property name="user.home" value="C:\Windows\system32\config\systemprofile"/>
    <property name="PUBLIC" value="C:\Users\Public"/>
    <property name="BUILD_TAG" value="jenkins-FINANCEIRO-61"/>
    <property name="JENKINS_SERVER_COOKIE" value="3d9b9914299fe66a"/>
    <property name="HUDSON_URL" value="http://localhost:8080/automacao/"/>
    <property name="ProgramData" value="C:\ProgramData"/>
    <property name="java.specification.vendor" value="Oracle Corporation"/>
    <property name="test" value="br.conselhos.suites.SuiteFinanceiroTest"/>
    <property name="USERPROFILE" value="C:\Windows\system32\config\systemprofile"/>
    <property name="CLASSPATH" value=""/>
    <property name="java.vendor.url" value="http://java.oracle.com/"/>
    <property name="java.library.path" value="C:\Program Files\Java\jdk1.8.0_321\bin;C:\Windows\Sun\Java\bin;C:\Windows\system32;C:\Windows;C:\Program Files\Maven\apache-maven-3.8.5/bin;C:\Program Files\Java\jdk1.8.0_321/bin;C:\Program Files\Java\jdk1.8.0_321/bin;C:\Windows\system32;C:\Windows;C:\Windows\System32\Wbem;C:\Windows\System32\WindowsPowerShell\v1.0\;C:\Windows\System32\OpenSSH\;C:\Users\David\Documents\chromedriver;C:\Users\David\eclipse-workspace\ProjetoBRConselhos\drivers;C:\Usuários\David\Documentos\chromedriver;C:\Users\David\.m2\repository\allure-2.7.0\allure-2.7.0\bin;C:\Program Files\Maven\apache-maven-3.8.5\bin;C:\Program Files\PowerShell\7\;C:\Program Files\Java\jdk1.8.0_321\bin;C:\Users\David\AppData\Local\GitHubDesktop\GitHubDesktop;C:\Windows\system32\config\systemprofile\AppData\Local\Microsoft\WindowsApps;."/>
    <property name="java.vm.vendor" value="Oracle Corporation"/>
    <property name="APPDATA" value="C:\Windows\system32\config\systemprofile\AppData\Roaming"/>
    <property name="JMETER_HOME" value="C:\Users\David\apache-jmeter-5.4.3\apache-jmeter-5.4.3\"/>
    <property name="java.runtime.name" value="Java(TM) SE Runtime Environment"/>
    <property name="maven.home" value="C:\Program Files\Maven\apache-maven-3.8.5"/>
    <property name="java.class.path" value="C:\ProgramData\Jenkins\.jenkins\plugins\maven-plugin\WEB-INF\lib\maven35-agent-1.13.jar;C:\Program Files\Maven\apache-maven-3.8.5\boot\plexus-classworlds-2.6.0.jar;C:\Program Files\Maven\apache-maven-3.8.5/conf/logging"/>
    <property name="sun.java.command" value="jenkins.maven3.agent.Maven35Main C:\Program Files\Maven\apache-maven-3.8.5 C:\ProgramData\Jenkins\war\WEB-INF\lib\remoting-4.13.3.jar C:\ProgramData\Jenkins\.jenkins\plugins\maven-plugin\WEB-INF\lib\maven35-interceptor-1.13.jar C:\ProgramData\Jenkins\.jenkins\plugins\maven-plugin\WEB-INF\lib\maven3-interceptor-commons-1.13.jar 49521"/>
    <property name="Path" value="C:\Program Files\Java\jdk1.8.0_321/bin;C:\Windows\system32;C:\Windows;C:\Windows\System32\Wbem;C:\Windows\System32\WindowsPowerShell\v1.0\;C:\Windows\System32\OpenSSH\;C:\Users\David\Documents\chromedriver;C:\Users\David\eclipse-workspace\ProjetoBRConselhos\drivers;C:\Usuários\David\Documentos\chromedriver;C:\Users\David\.m2\repository\allure-2.7.0\allure-2.7.0\bin;C:\Program Files\Maven\apache-maven-3.8.5\bin;C:\Program Files\PowerShell\7\;C:\Program Files\Java\jdk1.8.0_321\bin;C:\Users\David\AppData\Local\GitHubDesktop\GitHubDesktop;C:\Windows\system32\config\systemprofile\AppData\Local\Microsoft\WindowsApps"/>
    <property name="java.vm.specification.name" value="Java Virtual Machine Specification"/>
    <property name="PROCESSOR_ARCHITECTURE" value="AMD64"/>
    <property name="jansi.mode" value="strip"/>
    <property name="PATH+JDK" value="C:\Program Files\Java\jdk1.8.0_321/bin"/>
    <property name="PROCESSOR_IDENTIFIER" value="Intel64 Family 6 Model 37 Stepping 5, GenuineIntel"/>
    <property name="java.vm.specification.version" value="1.8"/>
    <property name="sun.os.patch.level" value=""/>
    <property name="sun.cpu.endian" value="little"/>
    <property name="M2_HOME" value="C:\Program Files\Maven\apache-maven-3.8.5"/>
    <property name="java.io.tmpdir" value="C:\Windows\TEMP\"/>
    <property name="CI" value="true"/>
    <property name="OS" value="Windows_NT"/>
    <property name="HUDSON_HOME" value="C:\ProgramData\Jenkins\.jenkins"/>
    <property name="PATH+MAVEN" value="C:\Program Files\Maven\apache-maven-3.8.5/bin"/>
    <property name="ProgramFiles(x86)" value="C:\Program Files (x86)"/>
    <property name="BUILD_URL" value="http://localhost:8080/automacao/job/FINANCEIRO/61/"/>
    <property name="java.vendor.url.bug" value="http://bugreport.sun.com/bugreport/"/>
    <property name="MAVEN_OPTS" value=""/>
    <property name="java.awt.graphicsenv" value="sun.awt.Win32GraphicsEnvironment"/>
    <property name="os.arch" value="amd64"/>
    <property name="SystemRoot" value="C:\Windows"/>
    <property name="java.ext.dirs" value="C:\Program Files\Java\jdk1.8.0_321\jre\lib\ext;C:\Windows\Sun\Java\lib\ext"/>
    <property name="user.dir" value="C:\Users\David\eclipse-workspace\ProjetoBRConselhos"/>
    <property name="JOB_URL" value="http://localhost:8080/automacao/job/FINANCEIRO/"/>
    <property name="USERDOMAIN" value="WORKGROUP"/>
    <property name="line.separator" value="&#10;"/>
    <property name="MAVEN_HOME" value="C:\Program Files\Maven\apache-maven-3.8.5"/>
    <property name="java.vm.name" value="Java HotSpot(TM) 64-Bit Server VM"/>
    <property name="BUILD_NUMBER" value="61"/>
    <property name="BASE" value="C:\Program Files\Jenkins"/>
    <property name="POWERSHELL_DISTRIBUTION_CHANNEL" value="MSI:Windows 10 Pro"/>
    <property name="JENKINS_URL" value="http://localhost:8080/automacao/"/>
    <property name="PROCESSOR_REVISION" value="2505"/>
    <property name="ProgramW6432" value="C:\Program Files"/>
    <property name="windir" value="C:\Windows"/>
    <property name="file.encoding" value="Cp1252"/>
    <property name="SystemDrive" value="C:"/>
    <property name="maven3.interceptor" value="C:\ProgramData\Jenkins\.jenkins\plugins\maven-plugin\WEB-INF\lib\maven35-interceptor-1.13.jar"/>
    <property name="WORKSPACE_TMP" value="C:\Users\David\eclipse-workspace\ProjetoBRConselhos@tmp"/>
    <property name="WORKSPACE" value="C:\Users\David\eclipse-workspace\ProjetoBRConselhos"/>
    <property name="maven3.interceptor.common" value="C:\ProgramData\Jenkins\.jenkins\plugins\maven-plugin\WEB-INF\lib\maven3-interceptor-commons-1.13.jar"/>
    <property name="WINSW_EXECUTABLE" value="C:\Program Files\Jenkins\jenkins.exe"/>
    <property name="java.specification.version" value="1.8"/>
    <property name="PSModulePath" value="C:\Program Files\WindowsPowerShell\Modules;C:\Windows\system32\WindowsPowerShell\v1.0\Modules"/>
    <property name="DriverData" value="C:\Windows\System32\Drivers\DriverData"/>
  </properties>
  <testcase name="T010_GeracaoDeContatosSimples" classname="Financeiro.Cobranca.Cobranca" time="24.248">
    <error message="element click intercepted: Element is not clickable at point (-14399, -14518)&#10;  (Session info: chrome=104.0.5112.102)&#10;Build info: version: &apos;4.1.1&apos;, revision: &apos;e8fcc2cecf&apos;&#10;System info: host: &apos;DESKTOP-Q4CVPEU&apos;, ip: &apos;169.254.193.202&apos;, os.name: &apos;Windows 10&apos;, os.arch: &apos;amd64&apos;, os.version: &apos;10.0&apos;, java.version: &apos;1.8.0_321&apos;&#10;Driver info: org.openqa.selenium.chrome.ChromeDriver&#10;Command: [369ae94ef274a874103ae27d76c51ee7, clickElement {id=4014257f-88a0-4663-91ad-c9ec1b7e0483}]&#10;Capabilities {acceptInsecureCerts: false, browserName: chrome, browserVersion: 104.0.5112.102, chrome: {chromedriverVersion: 103.0.5060.53 (a1711811edd7..., userDataDir: C:\Windows\TEMP\scoped_dir1...}, goog:chromeOptions: {debuggerAddress: localhost:50399}, javascriptEnabled: true, networkConnectionEnabled: false, pageLoadStrategy: normal, platform: WINDOWS, platformName: WINDOWS, proxy: Proxy(), se:cdp: ws://localhost:50399/devtoo..., se:cdpVersion: 104.0.5112.102, setWindowRect: true, strictFileInteractability: false, timeouts: {implicit: 0, pageLoad: 300000, script: 30000}, unhandledPromptBehavior: dismiss and notify, webauthn:extension:credBlob: true, webauthn:extension:largeBlob: true, webauthn:virtualAuthenticators: true}&#10;Element: [[ChromeDriver: chrome on WINDOWS (369ae94ef274a874103ae27d76c51ee7)] -&gt; xpath: //*[text()=&apos;Avançar&apos;]]&#10;Session ID: 369ae94ef274a874103ae27d76c51ee7" type="org.openqa.selenium.ElementClickInterceptedException">org.openqa.selenium.ElementClickInterceptedException: 
element click intercepted: Element is not clickable at point (-14399, -14518)
  (Session info: chrome=104.0.5112.102)
Build info: version: '4.1.1', revision: 'e8fcc2cecf'
System info: host: 'DESKTOP-Q4CVPEU', ip: '169.254.193.202', os.name: 'Windows 10', os.arch: 'amd64', os.version: '10.0', java.version: '1.8.0_321'
Driver info: org.openqa.selenium.chrome.ChromeDriver
Command: [369ae94ef274a874103ae27d76c51ee7, clickElement {id=4014257f-88a0-4663-91ad-c9ec1b7e0483}]
Capabilities {acceptInsecureCerts: false, browserName: chrome, browserVersion: 104.0.5112.102, chrome: {chromedriverVersion: 103.0.5060.53 (a1711811edd7..., userDataDir: C:\Windows\TEMP\scoped_dir1...}, goog:chromeOptions: {debuggerAddress: localhost:50399}, javascriptEnabled: true, networkConnectionEnabled: false, pageLoadStrategy: normal, platform: WINDOWS, platformName: WINDOWS, proxy: Proxy(), se:cdp: ws://localhost:50399/devtoo..., se:cdpVersion: 104.0.5112.102, setWindowRect: true, strictFileInteractability: false, timeouts: {implicit: 0, pageLoad: 300000, script: 30000}, unhandledPromptBehavior: dismiss and notify, webauthn:extension:credBlob: true, webauthn:extension:largeBlob: true, webauthn:virtualAuthenticators: true}
Element: [[ChromeDriver: chrome on WINDOWS (369ae94ef274a874103ae27d76c51ee7)] -> xpath: //*[text()='Avançar']]
Session ID: 369ae94ef274a874103ae27d76c51ee7
	at Financeiro.Cobranca.Cobranca.T010_GeracaoDeContatosSimples(Cobranca.java:47)
</error>
    <system-err><![CDATA[Starting ChromeDriver 103.0.5060.53 (a1711811edd74ff1cf2150f36ffa3b0dae40b17f-refs/branch-heads/5060@{#853}) on port 49918Only local connections are allowed.Please see https://chromedriver.chromium.org/security-considerations for suggestions on keeping ChromeDriver safe.ChromeDriver was started successfully.[1661538807.023][WARNING]: This version of ChromeDriver has not been tested with Chrome version 104.ago 26, 2022 3:33:27 PM org.openqa.selenium.remote.ProtocolHandshake createSession
INFORMAÇÕES: Detected dialect: W3C
ago 26, 2022 3:33:27 PM org.openqa.selenium.devtools.CdpVersionFinder findNearestMatch
ADVERTÊNCIA: Unable to find an exact match for CDP version 104, so returning the closest version found: a no-op implementation
ago 26, 2022 3:33:27 PM org.openqa.selenium.devtools.CdpVersionFinder findNearestMatch
INFORMAÇÕES: Unable to find CDP implementation matching 104.
ago 26, 2022 3:33:27 PM org.openqa.selenium.chromium.ChromiumDriver lambda$new$3
ADVERTÊNCIA: Unable to find version of CDP to use for . You may need to include a dependency on a specific version of the CDP using something similar to `org.seleniumhq.selenium:selenium-devtools-v86:4.1.1` where the version ("v86") matches the version of the chromium-based browser you're using and the version number of the artifact is the same as Selenium's.
]]></system-err>
  </testcase>
  <testcase name="T020_GeracaoDeContatoEnvioDeBoletoAnexo" classname="Financeiro.Cobranca.Cobranca" time="24.249"/>
  <testcase name="T030_GerarContatoComAgendamento" classname="Financeiro.Cobranca.Cobranca" time="28.323"/>
  <testcase name="T040_GerarRelatoriodeCobranca" classname="Financeiro.Cobranca.Cobranca" time="48.201">
    <error message="Expected condition failed: waiting for presence of element located by: By.xpath: //*[contains(@class, &apos;x-grid-row x-grid-row&apos;) and contains(@index, &apos;0&apos;)]/td/div (tried for 30 second(s) with 500 milliseconds interval)" type="org.openqa.selenium.TimeoutException">org.openqa.selenium.TimeoutException: Expected condition failed: waiting for presence of element located by: By.xpath: //*[contains(@class, 'x-grid-row x-grid-row') and contains(@index, '0')]/td/div (tried for 30 second(s) with 500 milliseconds interval)
	at Financeiro.Cobranca.Cobranca.T040_GerarRelatoriodeCobranca(Cobranca.java:105)
Caused by: org.openqa.selenium.NoSuchElementException: 
no such element: Unable to locate element: {"method":"xpath","selector":"//*[contains(@class, 'x-grid-row x-grid-row') and contains(@index, '0')]/td/div"}
  (Session info: chrome=104.0.5112.102)
For documentation on this error, please visit: https://selenium.dev/exceptions/#no_such_element
Build info: version: '4.1.1', revision: 'e8fcc2cecf'
System info: host: 'DESKTOP-Q4CVPEU', ip: '169.254.193.202', os.name: 'Windows 10', os.arch: 'amd64', os.version: '10.0', java.version: '1.8.0_321'
Driver info: org.openqa.selenium.chrome.ChromeDriver
Command: [11c478bcbc8f36b7e2e567212ef5064a, findElement {using=xpath, value=//*[contains(@class, 'x-grid-row x-grid-row') and contains(@index, '0')]/td/div}]
Capabilities {acceptInsecureCerts: false, browserName: chrome, browserVersion: 104.0.5112.102, chrome: {chromedriverVersion: 103.0.5060.53 (a1711811edd7..., userDataDir: C:\Windows\TEMP\scoped_dir1...}, goog:chromeOptions: {debuggerAddress: localhost:50459}, javascriptEnabled: true, networkConnectionEnabled: false, pageLoadStrategy: normal, platform: WINDOWS, platformName: WINDOWS, proxy: Proxy(), se:cdp: ws://localhost:50459/devtoo..., se:cdpVersion: 104.0.5112.102, setWindowRect: true, strictFileInteractability: false, timeouts: {implicit: 0, pageLoad: 300000, script: 30000}, unhandledPromptBehavior: dismiss and notify, webauthn:extension:credBlob: true, webauthn:extension:largeBlob: true, webauthn:virtualAuthenticators: true}
Session ID: 11c478bcbc8f36b7e2e567212ef5064a
	at Financeiro.Cobranca.Cobranca.T040_GerarRelatoriodeCobranca(Cobranca.java:105)
</error>
    <system-err><![CDATA[Starting ChromeDriver 103.0.5060.53 (a1711811edd74ff1cf2150f36ffa3b0dae40b17f-refs/branch-heads/5060@{#853}) on port 64675Only local connections are allowed.Please see https://chromedriver.chromium.org/security-considerations for suggestions on keeping ChromeDriver safe.ChromeDriver was started successfully.[1661538831.300][WARNING]: This version of ChromeDriver has not been tested with Chrome version 104.ago 26, 2022 3:33:51 PM org.openqa.selenium.remote.ProtocolHandshake createSession
INFORMAÇÕES: Detected dialect: W3C
ago 26, 2022 3:33:51 PM org.openqa.selenium.devtools.CdpVersionFinder findNearestMatch
ADVERTÊNCIA: Unable to find an exact match for CDP version 104, so returning the closest version found: a no-op implementation
ago 26, 2022 3:33:51 PM org.openqa.selenium.devtools.CdpVersionFinder findNearestMatch
INFORMAÇÕES: Unable to find CDP implementation matching 104.
ago 26, 2022 3:33:51 PM org.openqa.selenium.chromium.ChromiumDriver lambda$new$3
ADVERTÊNCIA: Unable to find version of CDP to use for . You may need to include a dependency on a specific version of the CDP using something similar to `org.seleniumhq.selenium:selenium-devtools-v86:4.1.1` where the version ("v86") matches the version of the chromium-based browser you're using and the version number of the artifact is the same as Selenium's.
]]></system-err>
  </testcase>
  <testcase name="T050_GerarContatoDeRecobranca" classname="Financeiro.Cobranca.Cobranca" time="47.475">
    <error message="Expected condition failed: waiting for presence of element located by: By.xpath: //*[contains(@class, &apos;x-grid-row x-grid-row&apos;) and contains(@index, &apos;0&apos;)]/td/div (tried for 30 second(s) with 500 milliseconds interval)" type="org.openqa.selenium.TimeoutException">org.openqa.selenium.TimeoutException: Expected condition failed: waiting for presence of element located by: By.xpath: //*[contains(@class, 'x-grid-row x-grid-row') and contains(@index, '0')]/td/div (tried for 30 second(s) with 500 milliseconds interval)
	at Financeiro.Cobranca.Cobranca.T050_GerarContatoDeRecobranca(Cobranca.java:118)
Caused by: org.openqa.selenium.NoSuchElementException: 
no such element: Unable to locate element: {"method":"xpath","selector":"//*[contains(@class, 'x-grid-row x-grid-row') and contains(@index, '0')]/td/div"}
  (Session info: chrome=104.0.5112.102)
For documentation on this error, please visit: https://selenium.dev/exceptions/#no_such_element
Build info: version: '4.1.1', revision: 'e8fcc2cecf'
System info: host: 'DESKTOP-Q4CVPEU', ip: '169.254.193.202', os.name: 'Windows 10', os.arch: 'amd64', os.version: '10.0', java.version: '1.8.0_321'
Driver info: org.openqa.selenium.chrome.ChromeDriver
Command: [42fbc45a9560527ab93e1a33422fb0f1, findElement {using=xpath, value=//*[contains(@class, 'x-grid-row x-grid-row') and contains(@index, '0')]/td/div}]
Capabilities {acceptInsecureCerts: false, browserName: chrome, browserVersion: 104.0.5112.102, chrome: {chromedriverVersion: 103.0.5060.53 (a1711811edd7..., userDataDir: C:\Windows\TEMP\scoped_dir1...}, goog:chromeOptions: {debuggerAddress: localhost:50498}, javascriptEnabled: true, networkConnectionEnabled: false, pageLoadStrategy: normal, platform: WINDOWS, platformName: WINDOWS, proxy: Proxy(), se:cdp: ws://localhost:50498/devtoo..., se:cdpVersion: 104.0.5112.102, setWindowRect: true, strictFileInteractability: false, timeouts: {implicit: 0, pageLoad: 300000, script: 30000}, unhandledPromptBehavior: dismiss and notify, webauthn:extension:credBlob: true, webauthn:extension:largeBlob: true, webauthn:virtualAuthenticators: true}
Session ID: 42fbc45a9560527ab93e1a33422fb0f1
	at Financeiro.Cobranca.Cobranca.T050_GerarContatoDeRecobranca(Cobranca.java:118)
</error>
    <system-err><![CDATA[Starting ChromeDriver 103.0.5060.53 (a1711811edd74ff1cf2150f36ffa3b0dae40b17f-refs/branch-heads/5060@{#853}) on port 57288Only local connections are allowed.Please see https://chromedriver.chromium.org/security-considerations for suggestions on keeping ChromeDriver safe.ChromeDriver was started successfully.[1661538858.150][WARNING]: This version of ChromeDriver has not been tested with Chrome version 104.ago 26, 2022 3:34:18 PM org.openqa.selenium.remote.ProtocolHandshake createSession
INFORMAÇÕES: Detected dialect: W3C
ago 26, 2022 3:34:18 PM org.openqa.selenium.devtools.CdpVersionFinder findNearestMatch
ADVERTÊNCIA: Unable to find an exact match for CDP version 104, so returning the closest version found: a no-op implementation
ago 26, 2022 3:34:18 PM org.openqa.selenium.devtools.CdpVersionFinder findNearestMatch
INFORMAÇÕES: Unable to find CDP implementation matching 104.
ago 26, 2022 3:34:18 PM org.openqa.selenium.chromium.ChromiumDriver lambda$new$3
ADVERTÊNCIA: Unable to find version of CDP to use for . You may need to include a dependency on a specific version of the CDP using something similar to `org.seleniumhq.selenium:selenium-devtools-v86:4.1.1` where the version ("v86") matches the version of the chromium-based browser you're using and the version number of the artifact is the same as Selenium's.
]]></system-err>
  </testcase>
</testsuite>