{
  "uid" : "a9ddbc30e83f47e6",
  "name" : "AbaTitulos",
  "fullName" : "Financeiro.IntegracaoDeReceitaRealizada.IntegracaoDeReceitaRealizada.AbaTitulos",
  "historyId" : "81a5052d36041bee9d1ee9c9528eb867",
  "time" : {
    "start" : 1655692760657,
    "stop" : 1655692775116,
    "duration" : 14459
  },
  "status" : "broken",
  "statusMessage" : "no such element: Unable to locate element: {\"method\":\"css selector\",\"selector\":\"div[class='x-fr-body x-win-body x-noscroll']>iframe\"}\n  (Session info: chrome=102.0.5005.115)\nFor documentation on this error, please visit: https://selenium.dev/exceptions/#no_such_element\nBuild info: version: '4.1.1', revision: 'e8fcc2cecf'\nSystem info: host: 'DESKTOP-Q4CVPEU', ip: '169.254.193.202', os.name: 'Windows 10', os.arch: 'amd64', os.version: '10.0', java.version: '1.8.0_321'\nDriver info: org.openqa.selenium.chrome.ChromeDriver\nCommand: [e3a155f2f56f9e159b63cf1d71a76e48, findElement {using=css selector, value=div[class='x-fr-body x-win-body x-noscroll']>iframe}]\nCapabilities {acceptInsecureCerts: false, browserName: chrome, browserVersion: 102.0.5005.115, chrome: {chromedriverVersion: 102.0.5005.61 (0e59bcc00cc4..., userDataDir: C:\\Windows\\TEMP\\scoped_dir4...}, goog:chromeOptions: {debuggerAddress: localhost:55488}, javascriptEnabled: true, networkConnectionEnabled: false, pageLoadStrategy: normal, platform: WINDOWS, platformName: WINDOWS, proxy: Proxy(), se:cdp: ws://localhost:55488/devtoo..., se:cdpVersion: 102.0.5005.115, setWindowRect: true, strictFileInteractability: false, timeouts: {implicit: 0, pageLoad: 300000, script: 30000}, unhandledPromptBehavior: dismiss and notify, webauthn:extension:credBlob: true, webauthn:extension:largeBlob: true, webauthn:virtualAuthenticators: true}\nSession ID: e3a155f2f56f9e159b63cf1d71a76e48",
  "statusTrace" : "org.openqa.selenium.NoSuchElementException: no such element: Unable to locate element: {\"method\":\"css selector\",\"selector\":\"div[class='x-fr-body x-win-body x-noscroll']>iframe\"}\n  (Session info: chrome=102.0.5005.115)\nFor documentation on this error, please visit: https://selenium.dev/exceptions/#no_such_element\nBuild info: version: '4.1.1', revision: 'e8fcc2cecf'\nSystem info: host: 'DESKTOP-Q4CVPEU', ip: '169.254.193.202', os.name: 'Windows 10', os.arch: 'amd64', os.version: '10.0', java.version: '1.8.0_321'\nDriver info: org.openqa.selenium.chrome.ChromeDriver\nCommand: [e3a155f2f56f9e159b63cf1d71a76e48, findElement {using=css selector, value=div[class='x-fr-body x-win-body x-noscroll']>iframe}]\nCapabilities {acceptInsecureCerts: false, browserName: chrome, browserVersion: 102.0.5005.115, chrome: {chromedriverVersion: 102.0.5005.61 (0e59bcc00cc4..., userDataDir: C:\\Windows\\TEMP\\scoped_dir4...}, goog:chromeOptions: {debuggerAddress: localhost:55488}, javascriptEnabled: true, networkConnectionEnabled: false, pageLoadStrategy: normal, platform: WINDOWS, platformName: WINDOWS, proxy: Proxy(), se:cdp: ws://localhost:55488/devtoo..., se:cdpVersion: 102.0.5005.115, setWindowRect: true, strictFileInteractability: false, timeouts: {implicit: 0, pageLoad: 300000, script: 30000}, unhandledPromptBehavior: dismiss and notify, webauthn:extension:credBlob: true, webauthn:extension:largeBlob: true, webauthn:virtualAuthenticators: true}\nSession ID: e3a155f2f56f9e159b63cf1d71a76e48\r\n\tat sun.reflect.GeneratedConstructorAccessor18.newInstance(Unknown Source)\r\n\tat sun.reflect.DelegatingConstructorAccessorImpl.newInstance(DelegatingConstructorAccessorImpl.java:45)\r\n\tat java.lang.reflect.Constructor.newInstance(Constructor.java:423)\r\n\tat org.openqa.selenium.remote.codec.w3c.W3CHttpResponseCodec.createException(W3CHttpResponseCodec.java:200)\r\n\tat org.openqa.selenium.remote.codec.w3c.W3CHttpResponseCodec.decode(W3CHttpResponseCodec.java:133)\r\n\tat org.openqa.selenium.remote.codec.w3c.W3CHttpResponseCodec.decode(W3CHttpResponseCodec.java:53)\r\n\tat org.openqa.selenium.remote.HttpCommandExecutor.execute(HttpCommandExecutor.java:184)\r\n\tat org.openqa.selenium.remote.service.DriverCommandExecutor.invokeExecute(DriverCommandExecutor.java:167)\r\n\tat org.openqa.selenium.remote.service.DriverCommandExecutor.execute(DriverCommandExecutor.java:142)\r\n\tat org.openqa.selenium.remote.RemoteWebDriver.execute(RemoteWebDriver.java:543)\r\n\tat org.openqa.selenium.remote.ElementLocation$ElementFinder$2.findElement(ElementLocation.java:162)\r\n\tat org.openqa.selenium.remote.ElementLocation.findElement(ElementLocation.java:60)\r\n\tat org.openqa.selenium.remote.RemoteWebDriver.findElement(RemoteWebDriver.java:367)\r\n\tat org.openqa.selenium.remote.RemoteWebDriver.findElement(RemoteWebDriver.java:359)\r\n\tat br.conselhos.core.DSL.entrarFrameDefault(DSL.java:226)\r\n\tat br.conselhos.page.FramesPage.frameTelaSobreposta(FramesPage.java:12)\r\n\tat Financeiro.IntegracaoDeReceitaRealizada.IntegracaoDeReceitaRealizada.AbaTitulos(IntegracaoDeReceitaRealizada.java:47)\r\n\tat sun.reflect.NativeMethodAccessorImpl.invoke0(Native Method)\r\n\tat sun.reflect.NativeMethodAccessorImpl.invoke(NativeMethodAccessorImpl.java:62)\r\n\tat sun.reflect.DelegatingMethodAccessorImpl.invoke(DelegatingMethodAccessorImpl.java:43)\r\n\tat java.lang.reflect.Method.invoke(Method.java:498)\r\n\tat org.junit.runners.model.FrameworkMethod$1.runReflectiveCall(FrameworkMethod.java:59)\r\n\tat org.junit.internal.runners.model.ReflectiveCallable.run(ReflectiveCallable.java:12)\r\n\tat org.junit.runners.model.FrameworkMethod.invokeExplosively(FrameworkMethod.java:56)\r\n\tat org.junit.internal.runners.statements.InvokeMethod.evaluate(InvokeMethod.java:17)\r\n\tat org.junit.internal.runners.statements.RunBefores.evaluate(RunBefores.java:26)\r\n\tat org.junit.internal.runners.statements.RunAfters.evaluate(RunAfters.java:27)\r\n\tat org.junit.rules.TestWatcher$1.evaluate(TestWatcher.java:61)\r\n\tat org.junit.runners.ParentRunner$3.evaluate(ParentRunner.java:306)\r\n\tat org.junit.runners.BlockJUnit4ClassRunner$1.evaluate(BlockJUnit4ClassRunner.java:100)\r\n\tat org.junit.runners.ParentRunner.runLeaf(ParentRunner.java:366)\r\n\tat org.junit.runners.BlockJUnit4ClassRunner.runChild(BlockJUnit4ClassRunner.java:103)\r\n\tat org.junit.runners.BlockJUnit4ClassRunner.runChild(BlockJUnit4ClassRunner.java:63)\r\n\tat org.junit.runners.ParentRunner$4.run(ParentRunner.java:331)\r\n\tat org.apache.maven.surefire.junitcore.pc.Scheduler$1.run(Scheduler.java:393)\r\n\tat java.util.concurrent.Executors$RunnableAdapter.call(Executors.java:511)\r\n\tat java.util.concurrent.FutureTask.run(FutureTask.java:266)\r\n\tat java.util.concurrent.ThreadPoolExecutor.runWorker(ThreadPoolExecutor.java:1149)\r\n\tat java.util.concurrent.ThreadPoolExecutor$Worker.run(ThreadPoolExecutor.java:624)\r\n\tat java.lang.Thread.run(Thread.java:750)\r\n",
  "flaky" : false,
  "newFailed" : false,
  "newBroken" : true,
  "newPassed" : false,
  "retriesCount" : 6,
  "retriesStatusChange" : true,
  "beforeStages" : [ ],
  "testStage" : {
    "status" : "broken",
    "statusMessage" : "no such element: Unable to locate element: {\"method\":\"css selector\",\"selector\":\"div[class='x-fr-body x-win-body x-noscroll']>iframe\"}\n  (Session info: chrome=102.0.5005.115)\nFor documentation on this error, please visit: https://selenium.dev/exceptions/#no_such_element\nBuild info: version: '4.1.1', revision: 'e8fcc2cecf'\nSystem info: host: 'DESKTOP-Q4CVPEU', ip: '169.254.193.202', os.name: 'Windows 10', os.arch: 'amd64', os.version: '10.0', java.version: '1.8.0_321'\nDriver info: org.openqa.selenium.chrome.ChromeDriver\nCommand: [e3a155f2f56f9e159b63cf1d71a76e48, findElement {using=css selector, value=div[class='x-fr-body x-win-body x-noscroll']>iframe}]\nCapabilities {acceptInsecureCerts: false, browserName: chrome, browserVersion: 102.0.5005.115, chrome: {chromedriverVersion: 102.0.5005.61 (0e59bcc00cc4..., userDataDir: C:\\Windows\\TEMP\\scoped_dir4...}, goog:chromeOptions: {debuggerAddress: localhost:55488}, javascriptEnabled: true, networkConnectionEnabled: false, pageLoadStrategy: normal, platform: WINDOWS, platformName: WINDOWS, proxy: Proxy(), se:cdp: ws://localhost:55488/devtoo..., se:cdpVersion: 102.0.5005.115, setWindowRect: true, strictFileInteractability: false, timeouts: {implicit: 0, pageLoad: 300000, script: 30000}, unhandledPromptBehavior: dismiss and notify, webauthn:extension:credBlob: true, webauthn:extension:largeBlob: true, webauthn:virtualAuthenticators: true}\nSession ID: e3a155f2f56f9e159b63cf1d71a76e48",
    "statusTrace" : "org.openqa.selenium.NoSuchElementException: no such element: Unable to locate element: {\"method\":\"css selector\",\"selector\":\"div[class='x-fr-body x-win-body x-noscroll']>iframe\"}\n  (Session info: chrome=102.0.5005.115)\nFor documentation on this error, please visit: https://selenium.dev/exceptions/#no_such_element\nBuild info: version: '4.1.1', revision: 'e8fcc2cecf'\nSystem info: host: 'DESKTOP-Q4CVPEU', ip: '169.254.193.202', os.name: 'Windows 10', os.arch: 'amd64', os.version: '10.0', java.version: '1.8.0_321'\nDriver info: org.openqa.selenium.chrome.ChromeDriver\nCommand: [e3a155f2f56f9e159b63cf1d71a76e48, findElement {using=css selector, value=div[class='x-fr-body x-win-body x-noscroll']>iframe}]\nCapabilities {acceptInsecureCerts: false, browserName: chrome, browserVersion: 102.0.5005.115, chrome: {chromedriverVersion: 102.0.5005.61 (0e59bcc00cc4..., userDataDir: C:\\Windows\\TEMP\\scoped_dir4...}, goog:chromeOptions: {debuggerAddress: localhost:55488}, javascriptEnabled: true, networkConnectionEnabled: false, pageLoadStrategy: normal, platform: WINDOWS, platformName: WINDOWS, proxy: Proxy(), se:cdp: ws://localhost:55488/devtoo..., se:cdpVersion: 102.0.5005.115, setWindowRect: true, strictFileInteractability: false, timeouts: {implicit: 0, pageLoad: 300000, script: 30000}, unhandledPromptBehavior: dismiss and notify, webauthn:extension:credBlob: true, webauthn:extension:largeBlob: true, webauthn:virtualAuthenticators: true}\nSession ID: e3a155f2f56f9e159b63cf1d71a76e48\r\n\tat sun.reflect.GeneratedConstructorAccessor18.newInstance(Unknown Source)\r\n\tat sun.reflect.DelegatingConstructorAccessorImpl.newInstance(DelegatingConstructorAccessorImpl.java:45)\r\n\tat java.lang.reflect.Constructor.newInstance(Constructor.java:423)\r\n\tat org.openqa.selenium.remote.codec.w3c.W3CHttpResponseCodec.createException(W3CHttpResponseCodec.java:200)\r\n\tat org.openqa.selenium.remote.codec.w3c.W3CHttpResponseCodec.decode(W3CHttpResponseCodec.java:133)\r\n\tat org.openqa.selenium.remote.codec.w3c.W3CHttpResponseCodec.decode(W3CHttpResponseCodec.java:53)\r\n\tat org.openqa.selenium.remote.HttpCommandExecutor.execute(HttpCommandExecutor.java:184)\r\n\tat org.openqa.selenium.remote.service.DriverCommandExecutor.invokeExecute(DriverCommandExecutor.java:167)\r\n\tat org.openqa.selenium.remote.service.DriverCommandExecutor.execute(DriverCommandExecutor.java:142)\r\n\tat org.openqa.selenium.remote.RemoteWebDriver.execute(RemoteWebDriver.java:543)\r\n\tat org.openqa.selenium.remote.ElementLocation$ElementFinder$2.findElement(ElementLocation.java:162)\r\n\tat org.openqa.selenium.remote.ElementLocation.findElement(ElementLocation.java:60)\r\n\tat org.openqa.selenium.remote.RemoteWebDriver.findElement(RemoteWebDriver.java:367)\r\n\tat org.openqa.selenium.remote.RemoteWebDriver.findElement(RemoteWebDriver.java:359)\r\n\tat br.conselhos.core.DSL.entrarFrameDefault(DSL.java:226)\r\n\tat br.conselhos.page.FramesPage.frameTelaSobreposta(FramesPage.java:12)\r\n\tat Financeiro.IntegracaoDeReceitaRealizada.IntegracaoDeReceitaRealizada.AbaTitulos(IntegracaoDeReceitaRealizada.java:47)\r\n\tat sun.reflect.NativeMethodAccessorImpl.invoke0(Native Method)\r\n\tat sun.reflect.NativeMethodAccessorImpl.invoke(NativeMethodAccessorImpl.java:62)\r\n\tat sun.reflect.DelegatingMethodAccessorImpl.invoke(DelegatingMethodAccessorImpl.java:43)\r\n\tat java.lang.reflect.Method.invoke(Method.java:498)\r\n\tat org.junit.runners.model.FrameworkMethod$1.runReflectiveCall(FrameworkMethod.java:59)\r\n\tat org.junit.internal.runners.model.ReflectiveCallable.run(ReflectiveCallable.java:12)\r\n\tat org.junit.runners.model.FrameworkMethod.invokeExplosively(FrameworkMethod.java:56)\r\n\tat org.junit.internal.runners.statements.InvokeMethod.evaluate(InvokeMethod.java:17)\r\n\tat org.junit.internal.runners.statements.RunBefores.evaluate(RunBefores.java:26)\r\n\tat org.junit.internal.runners.statements.RunAfters.evaluate(RunAfters.java:27)\r\n\tat org.junit.rules.TestWatcher$1.evaluate(TestWatcher.java:61)\r\n\tat org.junit.runners.ParentRunner$3.evaluate(ParentRunner.java:306)\r\n\tat org.junit.runners.BlockJUnit4ClassRunner$1.evaluate(BlockJUnit4ClassRunner.java:100)\r\n\tat org.junit.runners.ParentRunner.runLeaf(ParentRunner.java:366)\r\n\tat org.junit.runners.BlockJUnit4ClassRunner.runChild(BlockJUnit4ClassRunner.java:103)\r\n\tat org.junit.runners.BlockJUnit4ClassRunner.runChild(BlockJUnit4ClassRunner.java:63)\r\n\tat org.junit.runners.ParentRunner$4.run(ParentRunner.java:331)\r\n\tat org.apache.maven.surefire.junitcore.pc.Scheduler$1.run(Scheduler.java:393)\r\n\tat java.util.concurrent.Executors$RunnableAdapter.call(Executors.java:511)\r\n\tat java.util.concurrent.FutureTask.run(FutureTask.java:266)\r\n\tat java.util.concurrent.ThreadPoolExecutor.runWorker(ThreadPoolExecutor.java:1149)\r\n\tat java.util.concurrent.ThreadPoolExecutor$Worker.run(ThreadPoolExecutor.java:624)\r\n\tat java.lang.Thread.run(Thread.java:750)\r\n",
    "steps" : [ ],
    "attachments" : [ {
      "uid" : "f58f6c95cbbf3f47",
      "name" : "Screenshot",
      "source" : "f58f6c95cbbf3f47.png",
      "type" : "image/png",
      "size" : 61850
    } ],
    "parameters" : [ ],
    "hasContent" : true,
    "stepsCount" : 0,
    "shouldDisplayMessage" : true,
    "attachmentsCount" : 1
  },
  "afterStages" : [ ],
  "labels" : [ {
    "name" : "package",
    "value" : "Financeiro.IntegracaoDeReceitaRealizada"
  }, {
    "name" : "testClass",
    "value" : "Financeiro.IntegracaoDeReceitaRealizada.IntegracaoDeReceitaRealizada"
  }, {
    "name" : "testMethod",
    "value" : "AbaTitulos"
  }, {
    "name" : "suite",
    "value" : "Financeiro.IntegracaoDeReceitaRealizada.IntegracaoDeReceitaRealizada"
  }, {
    "name" : "host",
    "value" : "DESKTOP-Q4CVPEU"
  }, {
    "name" : "thread",
    "value" : "4500@DESKTOP-Q4CVPEU.pool-1-thread-4(16)"
  }, {
    "name" : "framework",
    "value" : "junit4"
  }, {
    "name" : "language",
    "value" : "java"
  }, {
    "name" : "resultFormat",
    "value" : "allure2"
  } ],
  "parameters" : [ ],
  "links" : [ ],
  "hidden" : false,
  "retry" : false,
  "extra" : {
    "severity" : "normal",
    "retries" : [ {
      "uid" : "6ded56eaa7f2b83f",
      "status" : "passed",
      "time" : {
        "start" : 1654962517060,
        "stop" : 1654962534102,
        "duration" : 17042
      }
    }, {
      "uid" : "4fa4cea87242b8d7",
      "status" : "passed",
      "time" : {
        "start" : 1653963064748,
        "stop" : 1653963080576,
        "duration" : 15828
      }
    }, {
      "uid" : "74deaee34ff0b3fd",
      "status" : "passed",
      "time" : {
        "start" : 1653869675547,
        "stop" : 1653869691801,
        "duration" : 16254
      }
    }, {
      "uid" : "39e95dd4380bc63e",
      "status" : "passed",
      "time" : {
        "start" : 1653868308811,
        "stop" : 1653868326622,
        "duration" : 17811
      }
    }, {
      "uid" : "e198ba225327e73d",
      "status" : "passed",
      "time" : {
        "start" : 1653868012246,
        "stop" : 1653868029344,
        "duration" : 17098
      }
    }, {
      "uid" : "f7928561f1d1a8b",
      "status" : "passed",
      "time" : {
        "start" : 1653865816707,
        "stop" : 1653865834321,
        "duration" : 17614
      }
    } ],
    "categories" : [ {
      "name" : "Test defects",
      "matchedStatuses" : [ ],
      "flaky" : false
    } ],
    "history" : {
      "statistic" : {
        "failed" : 0,
        "broken" : 1,
        "skipped" : 0,
        "passed" : 4,
        "unknown" : 0,
        "total" : 5
      },
      "items" : [ {
        "uid" : "147e8cf00a02c8ff",
        "status" : "passed",
        "time" : {
          "start" : 1654962517060,
          "stop" : 1654962534102,
          "duration" : 17042
        }
      }, {
        "uid" : "eb4252a06de6e54f",
        "status" : "passed",
        "time" : {
          "start" : 1653963064748,
          "stop" : 1653963080576,
          "duration" : 15828
        }
      }, {
        "uid" : "a8dfa7ec4d5c28f3",
        "status" : "passed",
        "time" : {
          "start" : 1653869675547,
          "stop" : 1653869691801,
          "duration" : 16254
        }
      }, {
        "uid" : "a1832e380326b41e",
        "status" : "passed",
        "time" : {
          "start" : 1653061217651,
          "stop" : 1653061232136,
          "duration" : 14485
        }
      } ]
    },
    "tags" : [ ]
  },
  "source" : "a9ddbc30e83f47e6.json",
  "parameterValues" : [ ]
}