{
  "uid" : "ed3f6a9a8e03ecfe",
  "name" : "NovoRegistroRepassesAutomaticos",
  "fullName" : "Financeiro.ConfiguracaoDeRepassesAutomaticos.ConfiguracaoDeRepassesAutomaticos.NovoRegistroRepassesAutomaticos",
  "historyId" : "d2035623ad767d046b6de3b1192cb5a2",
  "time" : {
    "start" : 1653865779980,
    "stop" : 1653865798606,
    "duration" : 18626
  },
  "status" : "broken",
  "statusMessage" : "stale element reference: element is not attached to the page document\n  (Session info: chrome=102.0.5005.61)\nFor documentation on this error, please visit: https://selenium.dev/exceptions/#stale_element_reference\nBuild info: version: '4.1.1', revision: 'e8fcc2cecf'\nSystem info: host: 'DESKTOP-Q4CVPEU', ip: '169.254.193.202', os.name: 'Windows 10', os.arch: 'amd64', os.version: '10.0', java.version: '1.8.0_321'\nDriver info: org.openqa.selenium.chrome.ChromeDriver\nCommand: [1888a64950d4e0c714017b750abc32cb, getElementText {id=1052d65e-f2f6-455d-b590-83a5c9f56823}]\nCapabilities {acceptInsecureCerts: false, browserName: chrome, browserVersion: 102.0.5005.61, chrome: {chromedriverVersion: 101.0.4951.41 (93c720db8323..., userDataDir: C:\\Users\\David\\AppData\\Loca...}, goog:chromeOptions: {debuggerAddress: localhost:58363}, javascriptEnabled: true, networkConnectionEnabled: false, pageLoadStrategy: normal, platform: WINDOWS, platformName: WINDOWS, proxy: Proxy(), se:cdp: ws://localhost:58363/devtoo..., se:cdpVersion: 102.0.5005.61, setWindowRect: true, strictFileInteractability: false, timeouts: {implicit: 0, pageLoad: 300000, script: 30000}, unhandledPromptBehavior: dismiss and notify, webauthn:extension:credBlob: true, webauthn:extension:largeBlob: true, webauthn:virtualAuthenticators: true}\nElement: [[ChromeDriver: chrome on WINDOWS (1888a64950d4e0c714017b750abc32cb)] -> css selector: div[title='Teste novo registro']]\nSession ID: 1888a64950d4e0c714017b750abc32cb",
  "statusTrace" : "org.openqa.selenium.StaleElementReferenceException: stale element reference: element is not attached to the page document\n  (Session info: chrome=102.0.5005.61)\nFor documentation on this error, please visit: https://selenium.dev/exceptions/#stale_element_reference\nBuild info: version: '4.1.1', revision: 'e8fcc2cecf'\nSystem info: host: 'DESKTOP-Q4CVPEU', ip: '169.254.193.202', os.name: 'Windows 10', os.arch: 'amd64', os.version: '10.0', java.version: '1.8.0_321'\nDriver info: org.openqa.selenium.chrome.ChromeDriver\nCommand: [1888a64950d4e0c714017b750abc32cb, getElementText {id=1052d65e-f2f6-455d-b590-83a5c9f56823}]\nCapabilities {acceptInsecureCerts: false, browserName: chrome, browserVersion: 102.0.5005.61, chrome: {chromedriverVersion: 101.0.4951.41 (93c720db8323..., userDataDir: C:\\Users\\David\\AppData\\Loca...}, goog:chromeOptions: {debuggerAddress: localhost:58363}, javascriptEnabled: true, networkConnectionEnabled: false, pageLoadStrategy: normal, platform: WINDOWS, platformName: WINDOWS, proxy: Proxy(), se:cdp: ws://localhost:58363/devtoo..., se:cdpVersion: 102.0.5005.61, setWindowRect: true, strictFileInteractability: false, timeouts: {implicit: 0, pageLoad: 300000, script: 30000}, unhandledPromptBehavior: dismiss and notify, webauthn:extension:credBlob: true, webauthn:extension:largeBlob: true, webauthn:virtualAuthenticators: true}\nElement: [[ChromeDriver: chrome on WINDOWS (1888a64950d4e0c714017b750abc32cb)] -> css selector: div[title='Teste novo registro']]\nSession ID: 1888a64950d4e0c714017b750abc32cb\r\n\tat sun.reflect.NativeConstructorAccessorImpl.newInstance0(Native Method)\r\n\tat sun.reflect.NativeConstructorAccessorImpl.newInstance(NativeConstructorAccessorImpl.java:62)\r\n\tat sun.reflect.DelegatingConstructorAccessorImpl.newInstance(DelegatingConstructorAccessorImpl.java:45)\r\n\tat java.lang.reflect.Constructor.newInstance(Constructor.java:423)\r\n\tat org.openqa.selenium.remote.codec.w3c.W3CHttpResponseCodec.createException(W3CHttpResponseCodec.java:200)\r\n\tat org.openqa.selenium.remote.codec.w3c.W3CHttpResponseCodec.decode(W3CHttpResponseCodec.java:133)\r\n\tat org.openqa.selenium.remote.codec.w3c.W3CHttpResponseCodec.decode(W3CHttpResponseCodec.java:53)\r\n\tat org.openqa.selenium.remote.HttpCommandExecutor.execute(HttpCommandExecutor.java:184)\r\n\tat org.openqa.selenium.remote.service.DriverCommandExecutor.invokeExecute(DriverCommandExecutor.java:167)\r\n\tat org.openqa.selenium.remote.service.DriverCommandExecutor.execute(DriverCommandExecutor.java:142)\r\n\tat org.openqa.selenium.remote.RemoteWebDriver.execute(RemoteWebDriver.java:543)\r\n\tat org.openqa.selenium.remote.RemoteWebElement.execute(RemoteWebElement.java:251)\r\n\tat org.openqa.selenium.remote.RemoteWebElement.getText(RemoteWebElement.java:201)\r\n\tat br.conselhos.core.DSL.obterTextoCss(DSL.java:217)\r\n\tat br.conselhos.page.Financeiro.ConfiguracaoDeRepassesAutomaticosPage.obterTextoRepassesAutomaticos(ConfiguracaoDeRepassesAutomaticosPage.java:23)\r\n\tat Financeiro.ConfiguracaoDeRepassesAutomaticos.ConfiguracaoDeRepassesAutomaticos.NovoRegistroRepassesAutomaticos(ConfiguracaoDeRepassesAutomaticos.java:43)\r\n\tat sun.reflect.NativeMethodAccessorImpl.invoke0(Native Method)\r\n\tat sun.reflect.NativeMethodAccessorImpl.invoke(NativeMethodAccessorImpl.java:62)\r\n\tat sun.reflect.DelegatingMethodAccessorImpl.invoke(DelegatingMethodAccessorImpl.java:43)\r\n\tat java.lang.reflect.Method.invoke(Method.java:498)\r\n\tat org.junit.runners.model.FrameworkMethod$1.runReflectiveCall(FrameworkMethod.java:59)\r\n\tat org.junit.internal.runners.model.ReflectiveCallable.run(ReflectiveCallable.java:12)\r\n\tat org.junit.runners.model.FrameworkMethod.invokeExplosively(FrameworkMethod.java:56)\r\n\tat org.junit.internal.runners.statements.InvokeMethod.evaluate(InvokeMethod.java:17)\r\n\tat org.junit.internal.runners.statements.RunBefores.evaluate(RunBefores.java:26)\r\n\tat org.junit.internal.runners.statements.RunAfters.evaluate(RunAfters.java:27)\r\n\tat org.junit.rules.TestWatcher$1.evaluate(TestWatcher.java:61)\r\n\tat org.junit.runners.ParentRunner$3.evaluate(ParentRunner.java:306)\r\n\tat org.junit.runners.BlockJUnit4ClassRunner$1.evaluate(BlockJUnit4ClassRunner.java:100)\r\n\tat org.junit.runners.ParentRunner.runLeaf(ParentRunner.java:366)\r\n\tat org.junit.runners.BlockJUnit4ClassRunner.runChild(BlockJUnit4ClassRunner.java:103)\r\n\tat org.junit.runners.BlockJUnit4ClassRunner.runChild(BlockJUnit4ClassRunner.java:63)\r\n\tat org.junit.runners.ParentRunner$4.run(ParentRunner.java:331)\r\n\tat org.apache.maven.surefire.junitcore.pc.Scheduler$1.run(Scheduler.java:393)\r\n\tat java.util.concurrent.Executors$RunnableAdapter.call(Executors.java:511)\r\n\tat java.util.concurrent.FutureTask.run(FutureTask.java:266)\r\n\tat java.util.concurrent.ThreadPoolExecutor.runWorker(ThreadPoolExecutor.java:1149)\r\n\tat java.util.concurrent.ThreadPoolExecutor$Worker.run(ThreadPoolExecutor.java:624)\r\n\tat java.lang.Thread.run(Thread.java:750)\r\n",
  "flaky" : false,
  "newFailed" : false,
  "newBroken" : false,
  "newPassed" : false,
  "retriesCount" : 0,
  "retriesStatusChange" : false,
  "beforeStages" : [ ],
  "testStage" : {
    "status" : "broken",
    "statusMessage" : "stale element reference: element is not attached to the page document\n  (Session info: chrome=102.0.5005.61)\nFor documentation on this error, please visit: https://selenium.dev/exceptions/#stale_element_reference\nBuild info: version: '4.1.1', revision: 'e8fcc2cecf'\nSystem info: host: 'DESKTOP-Q4CVPEU', ip: '169.254.193.202', os.name: 'Windows 10', os.arch: 'amd64', os.version: '10.0', java.version: '1.8.0_321'\nDriver info: org.openqa.selenium.chrome.ChromeDriver\nCommand: [1888a64950d4e0c714017b750abc32cb, getElementText {id=1052d65e-f2f6-455d-b590-83a5c9f56823}]\nCapabilities {acceptInsecureCerts: false, browserName: chrome, browserVersion: 102.0.5005.61, chrome: {chromedriverVersion: 101.0.4951.41 (93c720db8323..., userDataDir: C:\\Users\\David\\AppData\\Loca...}, goog:chromeOptions: {debuggerAddress: localhost:58363}, javascriptEnabled: true, networkConnectionEnabled: false, pageLoadStrategy: normal, platform: WINDOWS, platformName: WINDOWS, proxy: Proxy(), se:cdp: ws://localhost:58363/devtoo..., se:cdpVersion: 102.0.5005.61, setWindowRect: true, strictFileInteractability: false, timeouts: {implicit: 0, pageLoad: 300000, script: 30000}, unhandledPromptBehavior: dismiss and notify, webauthn:extension:credBlob: true, webauthn:extension:largeBlob: true, webauthn:virtualAuthenticators: true}\nElement: [[ChromeDriver: chrome on WINDOWS (1888a64950d4e0c714017b750abc32cb)] -> css selector: div[title='Teste novo registro']]\nSession ID: 1888a64950d4e0c714017b750abc32cb",
    "statusTrace" : "org.openqa.selenium.StaleElementReferenceException: stale element reference: element is not attached to the page document\n  (Session info: chrome=102.0.5005.61)\nFor documentation on this error, please visit: https://selenium.dev/exceptions/#stale_element_reference\nBuild info: version: '4.1.1', revision: 'e8fcc2cecf'\nSystem info: host: 'DESKTOP-Q4CVPEU', ip: '169.254.193.202', os.name: 'Windows 10', os.arch: 'amd64', os.version: '10.0', java.version: '1.8.0_321'\nDriver info: org.openqa.selenium.chrome.ChromeDriver\nCommand: [1888a64950d4e0c714017b750abc32cb, getElementText {id=1052d65e-f2f6-455d-b590-83a5c9f56823}]\nCapabilities {acceptInsecureCerts: false, browserName: chrome, browserVersion: 102.0.5005.61, chrome: {chromedriverVersion: 101.0.4951.41 (93c720db8323..., userDataDir: C:\\Users\\David\\AppData\\Loca...}, goog:chromeOptions: {debuggerAddress: localhost:58363}, javascriptEnabled: true, networkConnectionEnabled: false, pageLoadStrategy: normal, platform: WINDOWS, platformName: WINDOWS, proxy: Proxy(), se:cdp: ws://localhost:58363/devtoo..., se:cdpVersion: 102.0.5005.61, setWindowRect: true, strictFileInteractability: false, timeouts: {implicit: 0, pageLoad: 300000, script: 30000}, unhandledPromptBehavior: dismiss and notify, webauthn:extension:credBlob: true, webauthn:extension:largeBlob: true, webauthn:virtualAuthenticators: true}\nElement: [[ChromeDriver: chrome on WINDOWS (1888a64950d4e0c714017b750abc32cb)] -> css selector: div[title='Teste novo registro']]\nSession ID: 1888a64950d4e0c714017b750abc32cb\r\n\tat sun.reflect.NativeConstructorAccessorImpl.newInstance0(Native Method)\r\n\tat sun.reflect.NativeConstructorAccessorImpl.newInstance(NativeConstructorAccessorImpl.java:62)\r\n\tat sun.reflect.DelegatingConstructorAccessorImpl.newInstance(DelegatingConstructorAccessorImpl.java:45)\r\n\tat java.lang.reflect.Constructor.newInstance(Constructor.java:423)\r\n\tat org.openqa.selenium.remote.codec.w3c.W3CHttpResponseCodec.createException(W3CHttpResponseCodec.java:200)\r\n\tat org.openqa.selenium.remote.codec.w3c.W3CHttpResponseCodec.decode(W3CHttpResponseCodec.java:133)\r\n\tat org.openqa.selenium.remote.codec.w3c.W3CHttpResponseCodec.decode(W3CHttpResponseCodec.java:53)\r\n\tat org.openqa.selenium.remote.HttpCommandExecutor.execute(HttpCommandExecutor.java:184)\r\n\tat org.openqa.selenium.remote.service.DriverCommandExecutor.invokeExecute(DriverCommandExecutor.java:167)\r\n\tat org.openqa.selenium.remote.service.DriverCommandExecutor.execute(DriverCommandExecutor.java:142)\r\n\tat org.openqa.selenium.remote.RemoteWebDriver.execute(RemoteWebDriver.java:543)\r\n\tat org.openqa.selenium.remote.RemoteWebElement.execute(RemoteWebElement.java:251)\r\n\tat org.openqa.selenium.remote.RemoteWebElement.getText(RemoteWebElement.java:201)\r\n\tat br.conselhos.core.DSL.obterTextoCss(DSL.java:217)\r\n\tat br.conselhos.page.Financeiro.ConfiguracaoDeRepassesAutomaticosPage.obterTextoRepassesAutomaticos(ConfiguracaoDeRepassesAutomaticosPage.java:23)\r\n\tat Financeiro.ConfiguracaoDeRepassesAutomaticos.ConfiguracaoDeRepassesAutomaticos.NovoRegistroRepassesAutomaticos(ConfiguracaoDeRepassesAutomaticos.java:43)\r\n\tat sun.reflect.NativeMethodAccessorImpl.invoke0(Native Method)\r\n\tat sun.reflect.NativeMethodAccessorImpl.invoke(NativeMethodAccessorImpl.java:62)\r\n\tat sun.reflect.DelegatingMethodAccessorImpl.invoke(DelegatingMethodAccessorImpl.java:43)\r\n\tat java.lang.reflect.Method.invoke(Method.java:498)\r\n\tat org.junit.runners.model.FrameworkMethod$1.runReflectiveCall(FrameworkMethod.java:59)\r\n\tat org.junit.internal.runners.model.ReflectiveCallable.run(ReflectiveCallable.java:12)\r\n\tat org.junit.runners.model.FrameworkMethod.invokeExplosively(FrameworkMethod.java:56)\r\n\tat org.junit.internal.runners.statements.InvokeMethod.evaluate(InvokeMethod.java:17)\r\n\tat org.junit.internal.runners.statements.RunBefores.evaluate(RunBefores.java:26)\r\n\tat org.junit.internal.runners.statements.RunAfters.evaluate(RunAfters.java:27)\r\n\tat org.junit.rules.TestWatcher$1.evaluate(TestWatcher.java:61)\r\n\tat org.junit.runners.ParentRunner$3.evaluate(ParentRunner.java:306)\r\n\tat org.junit.runners.BlockJUnit4ClassRunner$1.evaluate(BlockJUnit4ClassRunner.java:100)\r\n\tat org.junit.runners.ParentRunner.runLeaf(ParentRunner.java:366)\r\n\tat org.junit.runners.BlockJUnit4ClassRunner.runChild(BlockJUnit4ClassRunner.java:103)\r\n\tat org.junit.runners.BlockJUnit4ClassRunner.runChild(BlockJUnit4ClassRunner.java:63)\r\n\tat org.junit.runners.ParentRunner$4.run(ParentRunner.java:331)\r\n\tat org.apache.maven.surefire.junitcore.pc.Scheduler$1.run(Scheduler.java:393)\r\n\tat java.util.concurrent.Executors$RunnableAdapter.call(Executors.java:511)\r\n\tat java.util.concurrent.FutureTask.run(FutureTask.java:266)\r\n\tat java.util.concurrent.ThreadPoolExecutor.runWorker(ThreadPoolExecutor.java:1149)\r\n\tat java.util.concurrent.ThreadPoolExecutor$Worker.run(ThreadPoolExecutor.java:624)\r\n\tat java.lang.Thread.run(Thread.java:750)\r\n",
    "steps" : [ ],
    "attachments" : [ {
      "uid" : "195512708015bc93",
      "name" : "Screenshot",
      "source" : "195512708015bc93.png",
      "type" : "image/png",
      "size" : 93826
    } ],
    "parameters" : [ ],
    "hasContent" : true,
    "stepsCount" : 0,
    "shouldDisplayMessage" : true,
    "attachmentsCount" : 1
  },
  "afterStages" : [ ],
  "labels" : [ {
    "name" : "package",
    "value" : "Financeiro.ConfiguracaoDeRepassesAutomaticos"
  }, {
    "name" : "testClass",
    "value" : "Financeiro.ConfiguracaoDeRepassesAutomaticos.ConfiguracaoDeRepassesAutomaticos"
  }, {
    "name" : "testMethod",
    "value" : "NovoRegistroRepassesAutomaticos"
  }, {
    "name" : "suite",
    "value" : "Financeiro.ConfiguracaoDeRepassesAutomaticos.ConfiguracaoDeRepassesAutomaticos"
  }, {
    "name" : "host",
    "value" : "DESKTOP-Q4CVPEU"
  }, {
    "name" : "thread",
    "value" : "6604@DESKTOP-Q4CVPEU.pool-1-thread-3(15)"
  }, {
    "name" : "framework",
    "value" : "junit4"
  }, {
    "name" : "language",
    "value" : "java"
  }, {
    "name" : "resultFormat",
    "value" : "allure2"
  } ],
  "parameters" : [ ],
  "links" : [ ],
  "hidden" : true,
  "retry" : true,
  "extra" : {
    "categories" : [ ],
    "tags" : [ ]
  },
  "source" : "ed3f6a9a8e03ecfe.json",
  "parameterValues" : [ ]
}